<?xml version="1.0" encoding="UTF-8"?>
<!-- Generated by org.testng.reporters.JUnitReportReporter -->
<testsuite hostname="dell-PC" failures="0" tests="2" name="Practice.ExtentReportTest" time="45.622" errors="0" timestamp="2025-05-18T11:30:44 IST" skipped="0">
  <testcase classname="Practice.ExtentReportTest" name="flow" time="29.652"/>
  <system-out/>
  <testcase classname="Practice.ExtentReportTest" name="flow" time="15.970"/>
  <system-out/>
</testsuite> <!-- Practice.ExtentReportTest -->
